Microsoft Windows [版本 10.0.10586]
(c) 2015 Microsoft Corporation。保留所有权利。

C:\Users\Jerry>cordova create D:\hello com.example.hello HelloWorld
Creating a new cordova project.

C:\Users\Jerry>D:

D:\>cd hello

D:\hello>cordova platform add android
Adding android project...
Running command: cmd "/s /c "C:\Users\Jerry\.cordova\lib\npm_cache\cordova-android\4.1.1\package\bin\create.bat D:\hello\platforms\android com.example.hello HelloWorld --cli""
Creating Cordova project for the Android platform:
        Path: platforms\android
        Package: com.example.hello
        Name: HelloWorld
        Activity: MainActivity
        Android target: android-22
Copying template files...
Android project created with cordova-android@4.1.1
Discovered plugin "cordova-plugin-whitelist" in config.xml. Installing to the project
Fetching plugin "cordova-plugin-whitelist@1" via npm
Installing "cordova-plugin-whitelist" for android

This plugin is only applicable for versions of cordova-android greater than 4.0. If you have a previous platform version, you do *not* need this plugin since the whitelist will be built in.


D:\hello>cordova build android
Running command: cmd "/s /c "D:\hello\platforms\android\cordova\build.bat""
ANDROID_HOME=C:\DevTool\Android\AndroidSDK
JAVA_HOME=C:\Program Files\Java\jdk1.8.0_65
Running: D:\hello\platforms\android\gradlew cdvBuildDebug -b D:\hello\platforms\android\build.gradle -Dorg.gradle.daemon=true
Downloading http://services.gradle.org/distributions/gradle-2.2.1-all.zip
..................................................................................................................................................................................................................................................................................................................................................................................................................................................................................................................................................................................................................................................................................................................................................................................................................................................................................................................................................................................................................................................................................................................................................................................................................................................................................................................................................................................................................................................................................................................................................................................................................................................................................................................................................................................................................................................................................................................................................................................................................................................................................................................................................................................................................................................................................................................................................................................................................................................................................................................................................................................................................................................................................................................................................................................................................................................................................................................................................................................................................................................
Unzipping C:\Users\Jerry\.gradle\wrapper\dists\gradle-2.2.1-all\2m8005s69iu8v0oiejfej094b\gradle-2.2.1-all.zip to C:\Users\Jerry\.gradle\wrapper\dists\gradle-2.2.1-all\2m8005s69iu8v0oiejfej094b
Download https://repo1.maven.org/maven2/net/sf/proguard/proguard-gradle/5.1/proguard-gradle-5.1.pom
Download https://repo1.maven.org/maven2/net/sf/proguard/proguard-parent/5.1/proguard-parent-5.1.pom
Download https://repo1.maven.org/maven2/com/squareup/javawriter/2.5.0/javawriter-2.5.0.pom
Download https://repo1.maven.org/maven2/net/sf/proguard/proguard-base/5.1/proguard-base-5.1.pom
Download https://repo1.maven.org/maven2/net/sf/kxml/kxml2/2.3.0/kxml2-2.3.0.pom
Download https://repo1.maven.org/maven2/org/apache/httpcomponents/httpclient/4.1.1/httpclient-4.1.1.pom
Download https://repo1.maven.org/maven2/org/apache/httpcomponents/httpcomponents-client/4.1.1/httpcomponents-client-4.1.1.pom
Download https://repo1.maven.org/maven2/org/apache/httpcomponents/project/4.1.1/project-4.1.1.pom
Download https://repo1.maven.org/maven2/org/apache/httpcomponents/httpmime/4.1/httpmime-4.1.pom
Download https://repo1.maven.org/maven2/org/apache/httpcomponents/httpcomponents-client/4.1/httpcomponents-client-4.1.pom
Download https://repo1.maven.org/maven2/org/ow2/asm/asm-analysis/4.0/asm-analysis-4.0.pom
Download https://repo1.maven.org/maven2/org/ow2/asm/asm-parent/4.0/asm-parent-4.0.pom
Download https://repo1.maven.org/maven2/org/ow2/ow2/1.3/ow2-1.3.pom
Download https://repo1.maven.org/maven2/org/apache/httpcomponents/httpcore/4.1/httpcore-4.1.pom
Download https://repo1.maven.org/maven2/org/apache/httpcomponents/httpcomponents-core/4.1/httpcomponents-core-4.1.pom
Download https://repo1.maven.org/maven2/commons-logging/commons-logging/1.1.1/commons-logging-1.1.1.pom
Download https://repo1.maven.org/maven2/org/apache/commons/commons-parent/5/commons-parent-5.pom
Download https://repo1.maven.org/maven2/commons-codec/commons-codec/1.4/commons-codec-1.4.pom
Download https://repo1.maven.org/maven2/org/apache/commons/commons-parent/11/commons-parent-11.pom
Download https://repo1.maven.org/maven2/org/ow2/asm/asm/4.0/asm-4.0.pom
Download https://repo1.maven.org/maven2/com/android/tools/external/lombok/lombok-ast/0.2.2/lombok-ast-0.2.2.pom
Download https://repo1.maven.org/maven2/org/ow2/asm/asm-tree/4.0/asm-tree-4.0.pom
Download https://repo1.maven.org/maven2/net/sf/proguard/proguard-gradle/5.1/proguard-gradle-5.1.jar
Download https://repo1.maven.org/maven2/com/squareup/javawriter/2.5.0/javawriter-2.5.0.jar
Download https://repo1.maven.org/maven2/net/sf/proguard/proguard-base/5.1/proguard-base-5.1.jar
Download https://repo1.maven.org/maven2/net/sf/kxml/kxml2/2.3.0/kxml2-2.3.0.jar
Download https://repo1.maven.org/maven2/org/apache/httpcomponents/httpclient/4.1.1/httpclient-4.1.1.jar
Download https://repo1.maven.org/maven2/org/apache/httpcomponents/httpmime/4.1/httpmime-4.1.jar
Download https://repo1.maven.org/maven2/org/ow2/asm/asm-analysis/4.0/asm-analysis-4.0.jar
Download https://repo1.maven.org/maven2/org/apache/httpcomponents/httpcore/4.1/httpcore-4.1.jar
Download https://repo1.maven.org/maven2/commons-logging/commons-logging/1.1.1/commons-logging-1.1.1.jar
Download https://repo1.maven.org/maven2/commons-codec/commons-codec/1.4/commons-codec-1.4.jar
Download https://repo1.maven.org/maven2/org/ow2/asm/asm/4.0/asm-4.0.jar
Download https://repo1.maven.org/maven2/com/android/tools/external/lombok/lombok-ast/0.2.2/lombok-ast-0.2.2.jar
Download https://repo1.maven.org/maven2/org/ow2/asm/asm-tree/4.0/asm-tree-4.0.jar
:preBuild
:compileDebugNdk
:preDebugBuild
:checkDebugManifest
:CordovaLib:compileLint
:CordovaLib:copyDebugLint UP-TO-DATE
:CordovaLib:mergeDebugProguardFiles
:CordovaLib:preBuild
:CordovaLib:preDebugBuild
:CordovaLib:checkDebugManifest
:CordovaLib:prepareDebugDependencies
:CordovaLib:compileDebugAidl
:CordovaLib:compileDebugRenderscript
:CordovaLib:generateDebugBuildConfig
:CordovaLib:generateDebugAssets UP-TO-DATE
:CordovaLib:mergeDebugAssets
:CordovaLib:generateDebugResValues
:CordovaLib:generateDebugResources
:CordovaLib:packageDebugResources
:CordovaLib:processDebugManifest
:CordovaLib:processDebugResources
:CordovaLib:generateDebugSources
:CordovaLib:compileDebugJava
注: 某些输入文件使用或覆盖了已过时的 API。
注: 有关详细信息, 请使用 -Xlint:deprecation 重新编译。
:CordovaLib:processDebugJavaRes UP-TO-DATE
:CordovaLib:packageDebugJar
:CordovaLib:compileDebugNdk
:CordovaLib:packageDebugJniLibs UP-TO-DATE
:CordovaLib:packageDebugLocalJar UP-TO-DATE
:CordovaLib:packageDebugRenderscript UP-TO-DATE
:CordovaLib:bundleDebug
:prepareAndroidCordovaLibUnspecifiedDebugLibrary
:prepareDebugDependencies
:compileDebugAidl
:compileDebugRenderscript
:generateDebugBuildConfig
:generateDebugAssets UP-TO-DATE
:mergeDebugAssets
:generateDebugResValues
:generateDebugResources
:mergeDebugResources
:processDebugManifest
:processDebugResources
:generateDebugSources
:compileDebugJava
:preDexDebug
:dexDebug
:processDebugJavaRes UP-TO-DATE
:validateDebugSigning
:packageDebug
:zipalignDebug
:assembleDebug
:cdvBuildDebug

BUILD SUCCESSFUL

Total time: 2 mins 29.846 secs
Built the following apk(s):
    D:\hello\platforms\android\build\outputs\apk\android-debug.apk

D:\hello>